# JRE version: OpenJDK Runtime Environment Temurin-21.0.8+9 (21.0.8+9) (build 21.0.8+9-LTS)
# Java VM: OpenJDK 64-Bit Server VM Temurin-21.0.8+9 (21.0.8+9-LTS, mixed mode, sharing, tiered, compressed oops, compressed class ptrs, parallel gc, windows-amd64)
GC Precious Log:
 CardTable entry size: 512
 CPUs: 18 total, 18 available
 Memory: 16053M
 Large Page Support: Disabled
 NUMA Support: Disabled
 Compressed Oops: Enabled (32-bit)
 Alignments: Space 512K, Generation 512K, Heap 2M
 Heap Min Capacity: 100M
 Heap Initial Capacity: 100M
 Heap Max Capacity: 2G
 Pre-touch: Disabled
 Parallel Workers: 14
Heap:
 PSYoungGen      total 9728K, used 7622K [0x00000000d5580000, 0x00000000d6280000, 0x0000000100000000)
  eden space 7680K, 75% used [0x00000000d5580000,0x00000000d5b22518,0x00000000d5d00000)
  from space 2048K, 90% used [0x00000000d5d00000,0x00000000d5ecf3b0,0x00000000d5f00000)
  to   space 2048K, 0% used [0x00000000d6080000,0x00000000d6080000,0x00000000d6280000)
 ParOldGen       total 135168K, used 135061K [0x0000000080000000, 0x0000000088400000, 0x00000000d5580000)
  object space 135168K, 99% used [0x0000000080000000,0x00000000883e57e0,0x0000000088400000)
 Metaspace       used 43152K, committed 44480K, reserved 1114112K
  class space    used 4545K, committed 5120K, reserved 1048576K
GC Heap History (20 events):
Event: 5.091 GC heap after
{Heap after GC invocations=51 (full 2):
 PSYoungGen      total 11264K, used 1979K [0x00000000d5580000, 0x00000000d6480000, 0x0000000100000000)
  eden space 9216K, 0% used [0x00000000d5580000,0x00000000d5580000,0x00000000d5e80000)
  from space 2048K, 96% used [0x00000000d5e80000,0x00000000d606ef78,0x00000000d6080000)
  to   space 3072K, 0% used [0x00000000d6180000,0x00000000d6180000,0x00000000d6480000)
 ParOldGen       total 117760K, used 117506K [0x0000000080000000, 0x0000000087300000, 0x00000000d5580000)
  object space 117760K, 99% used [0x0000000080000000,0x00000000872c09f0,0x0000000087300000)
 Metaspace       used 42161K, committed 43456K, reserved 1114112K
  class space    used 4425K, committed 4992K, reserved 1048576K
}
Event: 5.117 GC heap before
{Heap before GC invocations=52 (full 2):
 PSYoungGen      total 11264K, used 11195K [0x00000000d5580000, 0x00000000d6480000, 0x0000000100000000)
  eden space 9216K, 100% used [0x00000000d5580000,0x00000000d5e80000,0x00000000d5e80000)
  from space 2048K, 96% used [0x00000000d5e80000,0x00000000d606ef78,0x00000000d6080000)
  to   space 3072K, 0% used [0x00000000d6180000,0x00000000d6180000,0x00000000d6480000)
 ParOldGen       total 117760K, used 117506K [0x0000000080000000, 0x0000000087300000, 0x00000000d5580000)
  object space 117760K, 99% used [0x0000000080000000,0x00000000872c09f0,0x0000000087300000)
 Metaspace       used 42260K, committed 43648K, reserved 1114112K
  class space    used 4436K, committed 5056K, reserved 1048576K
}
Event: 5.119 GC heap after
{Heap after GC invocations=52 (full 2):
 PSYoungGen      total 11776K, used 2296K [0x00000000d5580000, 0x00000000d6400000, 0x0000000100000000)
  eden space 9216K, 0% used [0x00000000d5580000,0x00000000d5580000,0x00000000d5e80000)
  from space 2560K, 89% used [0x00000000d6180000,0x00000000d63be160,0x00000000d6400000)
  to   space 2560K, 0% used [0x00000000d5f00000,0x00000000d5f00000,0x00000000d6180000)
 ParOldGen       total 119296K, used 119201K [0x0000000080000000, 0x0000000087480000, 0x00000000d5580000)
  object space 119296K, 99% used [0x0000000080000000,0x0000000087468590,0x0000000087480000)
 Metaspace       used 42260K, committed 43648K, reserved 1114112K
  class space    used 4436K, committed 5056K, reserved 1048576K
}
Event: 5.148 GC heap before
{Heap before GC invocations=53 (full 2):
 PSYoungGen      total 11776K, used 11512K [0x00000000d5580000, 0x00000000d6400000, 0x0000000100000000)
  eden space 9216K, 100% used [0x00000000d5580000,0x00000000d5e80000,0x00000000d5e80000)
  from space 2560K, 89% used [0x00000000d6180000,0x00000000d63be160,0x00000000d6400000)
  to   space 2560K, 0% used [0x00000000d5f00000,0x00000000d5f00000,0x00000000d6180000)
 ParOldGen       total 119296K, used 119201K [0x0000000080000000, 0x0000000087480000, 0x00000000d5580000)
  object space 119296K, 99% used [0x0000000080000000,0x0000000087468590,0x0000000087480000)
 Metaspace       used 42384K, committed 43712K, reserved 1114112K
  class space    used 4456K, committed 5056K, reserved 1048576K
}
Event: 5.149 GC heap after
{Heap after GC invocations=53 (full 2):
 PSYoungGen      total 11776K, used 2083K [0x00000000d5580000, 0x00000000d6380000, 0x0000000100000000)
  eden space 9216K, 0% used [0x00000000d5580000,0x00000000d5580000,0x00000000d5e80000)
  from space 2560K, 81% used [0x00000000d5f00000,0x00000000d6108ea8,0x00000000d6180000)
  to   space 2048K, 0% used [0x00000000d6180000,0x00000000d6180000,0x00000000d6380000)
 ParOldGen       total 121344K, used 121242K [0x0000000080000000, 0x0000000087680000, 0x00000000d5580000)
  object space 121344K, 99% used [0x0000000080000000,0x0000000087666a40,0x0000000087680000)
 Metaspace       used 42384K, committed 43712K, reserved 1114112K
  class space    used 4456K, committed 5056K, reserved 1048576K
}
Event: 5.183 GC heap before
{Heap before GC invocations=54 (full 2):
 PSYoungGen      total 11776K, used 11299K [0x00000000d5580000, 0x00000000d6380000, 0x0000000100000000)
  eden space 9216K, 100% used [0x00000000d5580000,0x00000000d5e80000,0x00000000d5e80000)
  from space 2560K, 81% used [0x00000000d5f00000,0x00000000d6108ea8,0x00000000d6180000)
  to   space 2048K, 0% used [0x00000000d6180000,0x00000000d6180000,0x00000000d6380000)
 ParOldGen       total 121344K, used 121242K [0x0000000080000000, 0x0000000087680000, 0x00000000d5580000)
  object space 121344K, 99% used [0x0000000080000000,0x0000000087666a40,0x0000000087680000)
 Metaspace       used 42475K, committed 43776K, reserved 1114112K
  class space    used 4466K, committed 5056K, reserved 1048576K
}
Event: 5.184 GC heap after
{Heap after GC invocations=54 (full 2):
 PSYoungGen      total 9728K, used 2018K [0x00000000d5580000, 0x00000000d6780000, 0x0000000100000000)
  eden space 7680K, 0% used [0x00000000d5580000,0x00000000d5580000,0x00000000d5d00000)
  from space 2048K, 98% used [0x00000000d6180000,0x00000000d6378920,0x00000000d6380000)
  to   space 4608K, 0% used [0x00000000d5d00000,0x00000000d5d00000,0x00000000d6180000)
 ParOldGen       total 123392K, used 123191K [0x0000000080000000, 0x0000000087880000, 0x00000000d5580000)
  object space 123392K, 99% used [0x0000000080000000,0x000000008784dc80,0x0000000087880000)
 Metaspace       used 42475K, committed 43776K, reserved 1114112K
  class space    used 4466K, committed 5056K, reserved 1048576K
}
Event: 5.199 GC heap before
{Heap before GC invocations=55 (full 2):
 PSYoungGen      total 9728K, used 9698K [0x00000000d5580000, 0x00000000d6780000, 0x0000000100000000)
  eden space 7680K, 100% used [0x00000000d5580000,0x00000000d5d00000,0x00000000d5d00000)
  from space 2048K, 98% used [0x00000000d6180000,0x00000000d6378920,0x00000000d6380000)
  to   space 4608K, 0% used [0x00000000d5d00000,0x00000000d5d00000,0x00000000d6180000)
 ParOldGen       total 123392K, used 123191K [0x0000000080000000, 0x0000000087880000, 0x00000000d5580000)
  object space 123392K, 99% used [0x0000000080000000,0x000000008784dc80,0x0000000087880000)
 Metaspace       used 42513K, committed 43840K, reserved 1114112K
  class space    used 4470K, committed 5056K, reserved 1048576K
}
Event: 5.201 GC heap after
{Heap after GC invocations=55 (full 2):
 PSYoungGen      total 9728K, used 2009K [0x00000000d5580000, 0x00000000d6300000, 0x0000000100000000)
  eden space 7680K, 0% used [0x00000000d5580000,0x00000000d5580000,0x00000000d5d00000)
  from space 2048K, 98% used [0x00000000d5d00000,0x00000000d5ef6548,0x00000000d5f00000)
  to   space 3072K, 0% used [0x00000000d6000000,0x00000000d6000000,0x00000000d6300000)
 ParOldGen       total 125440K, used 125144K [0x0000000080000000, 0x0000000087a80000, 0x00000000d5580000)
  object space 125440K, 99% used [0x0000000080000000,0x0000000087a36298,0x0000000087a80000)
 Metaspace       used 42513K, committed 43840K, reserved 1114112K
  class space    used 4470K, committed 5056K, reserved 1048576K
}
Event: 5.221 GC heap before
{Heap before GC invocations=56 (full 2):
 PSYoungGen      total 9728K, used 9689K [0x00000000d5580000, 0x00000000d6300000, 0x0000000100000000)
  eden space 7680K, 100% used [0x00000000d5580000,0x00000000d5d00000,0x00000000d5d00000)
  from space 2048K, 98% used [0x00000000d5d00000,0x00000000d5ef6548,0x00000000d5f00000)
  to   space 3072K, 0% used [0x00000000d6000000,0x00000000d6000000,0x00000000d6300000)
 ParOldGen       total 125440K, used 125144K [0x0000000080000000, 0x0000000087a80000, 0x00000000d5580000)
  object space 125440K, 99% used [0x0000000080000000,0x0000000087a36298,0x0000000087a80000)
 Metaspace       used 42574K, committed 43840K, reserved 1114112K
  class space    used 4482K, committed 5056K, reserved 1048576K
}
Event: 5.223 GC heap after
{Heap after GC invocations=56 (full 2):
 PSYoungGen      total 9728K, used 1866K [0x00000000d5580000, 0x00000000d6200000, 0x0000000100000000)
  eden space 7680K, 0% used [0x00000000d5580000,0x00000000d5580000,0x00000000d5d00000)
  from space 2048K, 91% used [0x00000000d6000000,0x00000000d61d2988,0x00000000d6200000)
  to   space 2048K, 0% used [0x00000000d5d00000,0x00000000d5d00000,0x00000000d5f00000)
 ParOldGen       total 126976K, used 126945K [0x0000000080000000, 0x0000000087c00000, 0x00000000d5580000)
  object space 126976K, 99% used [0x0000000080000000,0x0000000087bf8690,0x0000000087c00000)
 Metaspace       used 42574K, committed 43840K, reserved 1114112K
  class space    used 4482K, committed 5056K, reserved 1048576K
}
Event: 5.244 GC heap before
{Heap before GC invocations=57 (full 2):
 PSYoungGen      total 9728K, used 9546K [0x00000000d5580000, 0x00000000d6200000, 0x0000000100000000)
  eden space 7680K, 100% used [0x00000000d5580000,0x00000000d5d00000,0x00000000d5d00000)
  from space 2048K, 91% used [0x00000000d6000000,0x00000000d61d2988,0x00000000d6200000)
  to   space 2048K, 0% used [0x00000000d5d00000,0x00000000d5d00000,0x00000000d5f00000)
 ParOldGen       total 126976K, used 126945K [0x0000000080000000, 0x0000000087c00000, 0x00000000d5580000)
  object space 126976K, 99% used [0x0000000080000000,0x0000000087bf8690,0x0000000087c00000)
 Metaspace       used 42666K, committed 44032K, reserved 1114112K
  class space    used 4498K, committed 5120K, reserved 1048576K
}
Event: 5.246 GC heap after
{Heap after GC invocations=57 (full 2):
 PSYoungGen      total 9728K, used 1823K [0x00000000d5580000, 0x00000000d6100000, 0x0000000100000000)
  eden space 7680K, 0% used [0x00000000d5580000,0x00000000d5580000,0x00000000d5d00000)
  from space 2048K, 89% used [0x00000000d5d00000,0x00000000d5ec7e70,0x00000000d5f00000)
  to   space 2048K, 0% used [0x00000000d5f00000,0x00000000d5f00000,0x00000000d6100000)
 ParOldGen       total 129024K, used 128586K [0x0000000080000000, 0x0000000087e00000, 0x00000000d5580000)
  object space 129024K, 99% used [0x0000000080000000,0x0000000087d92920,0x0000000087e00000)
 Metaspace       used 42666K, committed 44032K, reserved 1114112K
  class space    used 4498K, committed 5120K, reserved 1048576K
}
Event: 5.266 GC heap before
{Heap before GC invocations=58 (full 2):
 PSYoungGen      total 9728K, used 9503K [0x00000000d5580000, 0x00000000d6100000, 0x0000000100000000)
  eden space 7680K, 100% used [0x00000000d5580000,0x00000000d5d00000,0x00000000d5d00000)
  from space 2048K, 89% used [0x00000000d5d00000,0x00000000d5ec7e70,0x00000000d5f00000)
  to   space 2048K, 0% used [0x00000000d5f00000,0x00000000d5f00000,0x00000000d6100000)
 ParOldGen       total 129024K, used 128586K [0x0000000080000000, 0x0000000087e00000, 0x00000000d5580000)
  object space 129024K, 99% used [0x0000000080000000,0x0000000087d92920,0x0000000087e00000)
 Metaspace       used 42869K, committed 44224K, reserved 1114112K
  class space    used 4511K, committed 5120K, reserved 1048576K
}
Event: 5.267 GC heap after
{Heap after GC invocations=58 (full 2):
 PSYoungGen      total 9728K, used 1734K [0x00000000d5580000, 0x00000000d6100000, 0x0000000100000000)
  eden space 7680K, 0% used [0x00000000d5580000,0x00000000d5580000,0x00000000d5d00000)
  from space 2048K, 84% used [0x00000000d5f00000,0x00000000d60b1ae8,0x00000000d6100000)
  to   space 2048K, 0% used [0x00000000d5d00000,0x00000000d5d00000,0x00000000d5f00000)
 ParOldGen       total 130560K, used 130204K [0x0000000080000000, 0x0000000087f80000, 0x00000000d5580000)
  object space 130560K, 99% used [0x0000000080000000,0x0000000087f273f8,0x0000000087f80000)
 Metaspace       used 42869K, committed 44224K, reserved 1114112K
  class space    used 4511K, committed 5120K, reserved 1048576K
}
Event: 5.294 GC heap before
{Heap before GC invocations=59 (full 2):
 PSYoungGen      total 9728K, used 9414K [0x00000000d5580000, 0x00000000d6100000, 0x0000000100000000)
  eden space 7680K, 100% used [0x00000000d5580000,0x00000000d5d00000,0x00000000d5d00000)
  from space 2048K, 84% used [0x00000000d5f00000,0x00000000d60b1ae8,0x00000000d6100000)
  to   space 2048K, 0% used [0x00000000d5d00000,0x00000000d5d00000,0x00000000d5f00000)
 ParOldGen       total 130560K, used 130204K [0x0000000080000000, 0x0000000087f80000, 0x00000000d5580000)
  object space 130560K, 99% used [0x0000000080000000,0x0000000087f273f8,0x0000000087f80000)
 Metaspace       used 42935K, committed 44288K, reserved 1114112K
  class space    used 4520K, committed 5120K, reserved 1048576K
}
Event: 5.295 GC heap after
{Heap after GC invocations=59 (full 2):
 PSYoungGen      total 9728K, used 1894K [0x00000000d5580000, 0x00000000d6100000, 0x0000000100000000)
  eden space 7680K, 0% used [0x00000000d5580000,0x00000000d5580000,0x00000000d5d00000)
  from space 2048K, 92% used [0x00000000d5d00000,0x00000000d5ed99b8,0x00000000d5f00000)
  to   space 2048K, 0% used [0x00000000d5f00000,0x00000000d5f00000,0x00000000d6100000)
 ParOldGen       total 132096K, used 131722K [0x0000000080000000, 0x0000000088100000, 0x00000000d5580000)
  object space 132096K, 99% used [0x0000000080000000,0x00000000880a29a0,0x0000000088100000)
 Metaspace       used 42935K, committed 44288K, reserved 1114112K
  class space    used 4520K, committed 5120K, reserved 1048576K
}
Event: 5.313 GC heap before
{Heap before GC invocations=60 (full 2):
 PSYoungGen      total 9728K, used 9574K [0x00000000d5580000, 0x00000000d6100000, 0x0000000100000000)
  eden space 7680K, 100% used [0x00000000d5580000,0x00000000d5d00000,0x00000000d5d00000)
  from space 2048K, 92% used [0x00000000d5d00000,0x00000000d5ed99b8,0x00000000d5f00000)
  to   space 2048K, 0% used [0x00000000d5f00000,0x00000000d5f00000,0x00000000d6100000)
 ParOldGen       total 132096K, used 131722K [0x0000000080000000, 0x0000000088100000, 0x00000000d5580000)
  object space 132096K, 99% used [0x0000000080000000,0x00000000880a29a0,0x0000000088100000)
 Metaspace       used 43010K, committed 44352K, reserved 1114112K
  class space    used 4530K, committed 5120K, reserved 1048576K
}
Event: 5.314 GC heap after
{Heap after GC invocations=60 (full 2):
 PSYoungGen      total 9728K, used 1894K [0x00000000d5580000, 0x00000000d6100000, 0x0000000100000000)
  eden space 7680K, 0% used [0x00000000d5580000,0x00000000d5580000,0x00000000d5d00000)
  from space 2048K, 92% used [0x00000000d5f00000,0x00000000d60d9ac8,0x00000000d6100000)
  to   space 2048K, 0% used [0x00000000d5d00000,0x00000000d5d00000,0x00000000d5f00000)
 ParOldGen       total 133632K, used 133387K [0x0000000080000000, 0x0000000088280000, 0x00000000d5580000)
  object space 133632K, 99% used [0x0000000080000000,0x0000000088242d18,0x0000000088280000)
 Metaspace       used 43010K, committed 44352K, reserved 1114112K
  class space    used 4530K, committed 5120K, reserved 1048576K
}
Event: 5.332 GC heap before
{Heap before GC invocations=61 (full 2):
 PSYoungGen      total 9728K, used 9574K [0x00000000d5580000, 0x00000000d6100000, 0x0000000100000000)
  eden space 7680K, 100% used [0x00000000d5580000,0x00000000d5d00000,0x00000000d5d00000)
  from space 2048K, 92% used [0x00000000d5f00000,0x00000000d60d9ac8,0x00000000d6100000)
  to   space 2048K, 0% used [0x00000000d5d00000,0x00000000d5d00000,0x00000000d5f00000)
 ParOldGen       total 133632K, used 133387K [0x0000000080000000, 0x0000000088280000, 0x00000000d5580000)
  object space 133632K, 99% used [0x0000000080000000,0x0000000088242d18,0x0000000088280000)
 Metaspace       used 43126K, committed 44416K, reserved 1114112K
  class space    used 4543K, committed 5120K, reserved 1048576K
}

