# JRE version: OpenJDK Runtime Environment Temurin-21.0.8+9 (21.0.8+9) (build 21.0.8+9-LTS)
# Java VM: OpenJDK 64-Bit Server VM Temurin-21.0.8+9 (21.0.8+9-LTS, mixed mode, sharing, tiered, compressed oops, compressed class ptrs, parallel gc, windows-amd64)
GC Precious Log:
 CardTable entry size: 512
 CPUs: 18 total, 18 available
 Memory: 16053M
 Large Page Support: Disabled
 NUMA Support: Disabled
 Compressed Oops: Enabled (32-bit)
 Alignments: Space 512K, Generation 512K, Heap 2M
 Heap Min Capacity: 100M
 Heap Initial Capacity: 100M
 Heap Max Capacity: 2G
 Pre-touch: Disabled
 Parallel Workers: 14
Heap:
 PSYoungGen      total 15872K, used 5968K [0x00000000d5580000, 0x00000000d6a80000, 0x0000000100000000)
  eden space 13312K, 26% used [0x00000000d5580000,0x00000000d58e8000,0x00000000d6280000)
  from space 2560K, 96% used [0x00000000d6280000,0x00000000d64ec148,0x00000000d6500000)
  to   space 4096K, 0% used [0x00000000d6680000,0x00000000d6680000,0x00000000d6a80000)
 ParOldGen       total 95744K, used 95717K [0x0000000080000000, 0x0000000085d80000, 0x00000000d5580000)
  object space 95744K, 99% used [0x0000000080000000,0x0000000085d796a0,0x0000000085d80000)
 Metaspace       used 44333K, committed 45568K, reserved 1114112K
  class space    used 4652K, committed 5184K, reserved 1048576K
GC Heap History (20 events):
Event: 4.811 GC heap before
{Heap before GC invocations=29 (full 2):
 PSYoungGen      total 23040K, used 22668K [0x00000000d5580000, 0x00000000d7200000, 0x0000000100000000)
  eden space 18432K, 100% used [0x00000000d5580000,0x00000000d6780000,0x00000000d6780000)
  from space 4608K, 91% used [0x00000000d6d80000,0x00000000d71a3340,0x00000000d7200000)
  to   space 4608K, 0% used [0x00000000d6780000,0x00000000d6780000,0x00000000d6c00000)
 ParOldGen       total 68608K, used 58096K [0x0000000080000000, 0x0000000084300000, 0x00000000d5580000)
  object space 68608K, 84% used [0x0000000080000000,0x00000000838bc008,0x0000000084300000)
 Metaspace       used 41563K, committed 42816K, reserved 1114112K
  class space    used 4300K, committed 4864K, reserved 1048576K
}
Event: 4.813 GC heap after
{Heap after GC invocations=29 (full 2):
 PSYoungGen      total 23040K, used 3956K [0x00000000d5580000, 0x00000000d7080000, 0x0000000100000000)
  eden space 18432K, 0% used [0x00000000d5580000,0x00000000d5580000,0x00000000d6780000)
  from space 4608K, 85% used [0x00000000d6780000,0x00000000d6b5d240,0x00000000d6c00000)
  to   space 4608K, 0% used [0x00000000d6c00000,0x00000000d6c00000,0x00000000d7080000)
 ParOldGen       total 68608K, used 61928K [0x0000000080000000, 0x0000000084300000, 0x00000000d5580000)
  object space 68608K, 90% used [0x0000000080000000,0x0000000083c7a138,0x0000000084300000)
 Metaspace       used 41563K, committed 42816K, reserved 1114112K
  class space    used 4300K, committed 4864K, reserved 1048576K
}
Event: 4.845 GC heap before
{Heap before GC invocations=30 (full 2):
 PSYoungGen      total 23040K, used 22388K [0x00000000d5580000, 0x00000000d7080000, 0x0000000100000000)
  eden space 18432K, 100% used [0x00000000d5580000,0x00000000d6780000,0x00000000d6780000)
  from space 4608K, 85% used [0x00000000d6780000,0x00000000d6b5d240,0x00000000d6c00000)
  to   space 4608K, 0% used [0x00000000d6c00000,0x00000000d6c00000,0x00000000d7080000)
 ParOldGen       total 68608K, used 61928K [0x0000000080000000, 0x0000000084300000, 0x00000000d5580000)
  object space 68608K, 90% used [0x0000000080000000,0x0000000083c7a138,0x0000000084300000)
 Metaspace       used 42098K, committed 43328K, reserved 1114112K
  class space    used 4367K, committed 4928K, reserved 1048576K
}
Event: 4.847 GC heap after
{Heap after GC invocations=30 (full 2):
 PSYoungGen      total 22016K, used 3385K [0x00000000d5580000, 0x00000000d6f80000, 0x0000000100000000)
  eden space 18432K, 0% used [0x00000000d5580000,0x00000000d5580000,0x00000000d6780000)
  from space 3584K, 94% used [0x00000000d6c00000,0x00000000d6f4e430,0x00000000d6f80000)
  to   space 4096K, 0% used [0x00000000d6780000,0x00000000d6780000,0x00000000d6b80000)
 ParOldGen       total 68608K, used 65513K [0x0000000080000000, 0x0000000084300000, 0x00000000d5580000)
  object space 68608K, 95% used [0x0000000080000000,0x0000000083ffa480,0x0000000084300000)
 Metaspace       used 42098K, committed 43328K, reserved 1114112K
  class space    used 4367K, committed 4928K, reserved 1048576K
}
Event: 4.895 GC heap before
{Heap before GC invocations=31 (full 2):
 PSYoungGen      total 22016K, used 21817K [0x00000000d5580000, 0x00000000d6f80000, 0x0000000100000000)
  eden space 18432K, 100% used [0x00000000d5580000,0x00000000d6780000,0x00000000d6780000)
  from space 3584K, 94% used [0x00000000d6c00000,0x00000000d6f4e430,0x00000000d6f80000)
  to   space 4096K, 0% used [0x00000000d6780000,0x00000000d6780000,0x00000000d6b80000)
 ParOldGen       total 68608K, used 65513K [0x0000000080000000, 0x0000000084300000, 0x00000000d5580000)
  object space 68608K, 95% used [0x0000000080000000,0x0000000083ffa480,0x0000000084300000)
 Metaspace       used 42670K, committed 43904K, reserved 1114112K
  class space    used 4433K, committed 4992K, reserved 1048576K
}
Event: 4.899 GC heap after
{Heap after GC invocations=31 (full 2):
 PSYoungGen      total 22528K, used 4095K [0x00000000d5580000, 0x00000000d7780000, 0x0000000100000000)
  eden space 18432K, 0% used [0x00000000d5580000,0x00000000d5580000,0x00000000d6780000)
  from space 4096K, 99% used [0x00000000d6780000,0x00000000d6b7fcb8,0x00000000d6b80000)
  to   space 8192K, 0% used [0x00000000d6f80000,0x00000000d6f80000,0x00000000d7780000)
 ParOldGen       total 69120K, used 68827K [0x0000000080000000, 0x0000000084380000, 0x00000000d5580000)
  object space 69120K, 99% used [0x0000000080000000,0x0000000084336cd0,0x0000000084380000)
 Metaspace       used 42670K, committed 43904K, reserved 1114112K
  class space    used 4433K, committed 4992K, reserved 1048576K
}
Event: 4.932 GC heap before
{Heap before GC invocations=32 (full 2):
 PSYoungGen      total 22528K, used 22527K [0x00000000d5580000, 0x00000000d7780000, 0x0000000100000000)
  eden space 18432K, 100% used [0x00000000d5580000,0x00000000d6780000,0x00000000d6780000)
  from space 4096K, 99% used [0x00000000d6780000,0x00000000d6b7fcb8,0x00000000d6b80000)
  to   space 8192K, 0% used [0x00000000d6f80000,0x00000000d6f80000,0x00000000d7780000)
 ParOldGen       total 69120K, used 68827K [0x0000000080000000, 0x0000000084380000, 0x00000000d5580000)
  object space 69120K, 99% used [0x0000000080000000,0x0000000084336cd0,0x0000000084380000)
 Metaspace       used 42803K, committed 44096K, reserved 1114112K
  class space    used 4447K, committed 4992K, reserved 1048576K
}
Event: 4.936 GC heap after
{Heap after GC invocations=32 (full 2):
 PSYoungGen      total 23040K, used 4200K [0x00000000d5580000, 0x00000000d7400000, 0x0000000100000000)
  eden space 18432K, 0% used [0x00000000d5580000,0x00000000d5580000,0x00000000d6780000)
  from space 4608K, 91% used [0x00000000d6f80000,0x00000000d739a360,0x00000000d7400000)
  to   space 5632K, 0% used [0x00000000d6900000,0x00000000d6900000,0x00000000d6e80000)
 ParOldGen       total 73216K, used 72709K [0x0000000080000000, 0x0000000084780000, 0x00000000d5580000)
  object space 73216K, 99% used [0x0000000080000000,0x00000000847015d8,0x0000000084780000)
 Metaspace       used 42803K, committed 44096K, reserved 1114112K
  class space    used 4447K, committed 4992K, reserved 1048576K
}
Event: 4.973 GC heap before
{Heap before GC invocations=33 (full 2):
 PSYoungGen      total 23040K, used 22632K [0x00000000d5580000, 0x00000000d7400000, 0x0000000100000000)
  eden space 18432K, 100% used [0x00000000d5580000,0x00000000d6780000,0x00000000d6780000)
  from space 4608K, 91% used [0x00000000d6f80000,0x00000000d739a360,0x00000000d7400000)
  to   space 5632K, 0% used [0x00000000d6900000,0x00000000d6900000,0x00000000d6e80000)
 ParOldGen       total 73216K, used 72709K [0x0000000080000000, 0x0000000084780000, 0x00000000d5580000)
  object space 73216K, 99% used [0x0000000080000000,0x00000000847015d8,0x0000000084780000)
 Metaspace       used 43096K, committed 44288K, reserved 1114112K
  class space    used 4478K, committed 4992K, reserved 1048576K
}
Event: 4.975 GC heap after
{Heap after GC invocations=33 (full 2):
 PSYoungGen      total 22528K, used 3652K [0x00000000d5580000, 0x00000000d7000000, 0x0000000100000000)
  eden space 18432K, 0% used [0x00000000d5580000,0x00000000d5580000,0x00000000d6780000)
  from space 4096K, 89% used [0x00000000d6900000,0x00000000d6c91050,0x00000000d6d00000)
  to   space 3072K, 0% used [0x00000000d6d00000,0x00000000d6d00000,0x00000000d7000000)
 ParOldGen       total 76800K, used 76538K [0x0000000080000000, 0x0000000084b00000, 0x00000000d5580000)
  object space 76800K, 99% used [0x0000000080000000,0x0000000084abeb68,0x0000000084b00000)
 Metaspace       used 43096K, committed 44288K, reserved 1114112K
  class space    used 4478K, committed 4992K, reserved 1048576K
}
Event: 5.006 GC heap before
{Heap before GC invocations=34 (full 2):
 PSYoungGen      total 22528K, used 22084K [0x00000000d5580000, 0x00000000d7000000, 0x0000000100000000)
  eden space 18432K, 100% used [0x00000000d5580000,0x00000000d6780000,0x00000000d6780000)
  from space 4096K, 89% used [0x00000000d6900000,0x00000000d6c91050,0x00000000d6d00000)
  to   space 3072K, 0% used [0x00000000d6d00000,0x00000000d6d00000,0x00000000d7000000)
 ParOldGen       total 76800K, used 76538K [0x0000000080000000, 0x0000000084b00000, 0x00000000d5580000)
  object space 76800K, 99% used [0x0000000080000000,0x0000000084abeb68,0x0000000084b00000)
 Metaspace       used 43276K, committed 44544K, reserved 1114112K
  class space    used 4503K, committed 5056K, reserved 1048576K
}
Event: 5.009 GC heap after
{Heap after GC invocations=34 (full 2):
 PSYoungGen      total 18432K, used 3067K [0x00000000d5580000, 0x00000000d7880000, 0x0000000100000000)
  eden space 15360K, 0% used [0x00000000d5580000,0x00000000d5580000,0x00000000d6480000)
  from space 3072K, 99% used [0x00000000d6d00000,0x00000000d6ffef18,0x00000000d7000000)
  to   space 8704K, 0% used [0x00000000d6480000,0x00000000d6480000,0x00000000d6d00000)
 ParOldGen       total 81408K, used 81029K [0x0000000080000000, 0x0000000084f80000, 0x00000000d5580000)
  object space 81408K, 99% used [0x0000000080000000,0x0000000084f214e0,0x0000000084f80000)
 Metaspace       used 43276K, committed 44544K, reserved 1114112K
  class space    used 4503K, committed 5056K, reserved 1048576K
}
Event: 5.058 GC heap before
{Heap before GC invocations=35 (full 2):
 PSYoungGen      total 18432K, used 18427K [0x00000000d5580000, 0x00000000d7880000, 0x0000000100000000)
  eden space 15360K, 100% used [0x00000000d5580000,0x00000000d6480000,0x00000000d6480000)
  from space 3072K, 99% used [0x00000000d6d00000,0x00000000d6ffef18,0x00000000d7000000)
  to   space 8704K, 0% used [0x00000000d6480000,0x00000000d6480000,0x00000000d6d00000)
 ParOldGen       total 81408K, used 81029K [0x0000000080000000, 0x0000000084f80000, 0x00000000d5580000)
  object space 81408K, 99% used [0x0000000080000000,0x0000000084f214e0,0x0000000084f80000)
 Metaspace       used 43443K, committed 44608K, reserved 1114112K
  class space    used 4527K, committed 5056K, reserved 1048576K
}
Event: 5.062 GC heap after
{Heap after GC invocations=35 (full 2):
 PSYoungGen      total 18432K, used 3043K [0x00000000d5580000, 0x00000000d6e80000, 0x0000000100000000)
  eden space 15360K, 0% used [0x00000000d5580000,0x00000000d5580000,0x00000000d6480000)
  from space 3072K, 99% used [0x00000000d6480000,0x00000000d6778c48,0x00000000d6780000)
  to   space 5120K, 0% used [0x00000000d6980000,0x00000000d6980000,0x00000000d6e80000)
 ParOldGen       total 84480K, used 83996K [0x0000000080000000, 0x0000000085280000, 0x00000000d5580000)
  object space 84480K, 99% used [0x0000000080000000,0x00000000852072f8,0x0000000085280000)
 Metaspace       used 43443K, committed 44608K, reserved 1114112K
  class space    used 4527K, committed 5056K, reserved 1048576K
}
Event: 5.112 GC heap before
{Heap before GC invocations=36 (full 2):
 PSYoungGen      total 18432K, used 18403K [0x00000000d5580000, 0x00000000d6e80000, 0x0000000100000000)
  eden space 15360K, 100% used [0x00000000d5580000,0x00000000d6480000,0x00000000d6480000)
  from space 3072K, 99% used [0x00000000d6480000,0x00000000d6778c48,0x00000000d6780000)
  to   space 5120K, 0% used [0x00000000d6980000,0x00000000d6980000,0x00000000d6e80000)
 ParOldGen       total 84480K, used 83996K [0x0000000080000000, 0x0000000085280000, 0x00000000d5580000)
  object space 84480K, 99% used [0x0000000080000000,0x00000000852072f8,0x0000000085280000)
 Metaspace       used 43667K, committed 44864K, reserved 1114112K
  class space    used 4552K, committed 5056K, reserved 1048576K
}
Event: 5.117 GC heap after
{Heap after GC invocations=36 (full 2):
 PSYoungGen      total 18944K, used 3294K [0x00000000d5580000, 0x00000000d6d00000, 0x0000000100000000)
  eden space 15360K, 0% used [0x00000000d5580000,0x00000000d5580000,0x00000000d6480000)
  from space 3584K, 91% used [0x00000000d6980000,0x00000000d6cb7a60,0x00000000d6d00000)
  to   space 3584K, 0% used [0x00000000d6600000,0x00000000d6600000,0x00000000d6980000)
 ParOldGen       total 87040K, used 86713K [0x0000000080000000, 0x0000000085500000, 0x00000000d5580000)
  object space 87040K, 99% used [0x0000000080000000,0x00000000854ae610,0x0000000085500000)
 Metaspace       used 43667K, committed 44864K, reserved 1114112K
  class space    used 4552K, committed 5056K, reserved 1048576K
}
Event: 5.173 GC heap before
{Heap before GC invocations=37 (full 2):
 PSYoungGen      total 18944K, used 18654K [0x00000000d5580000, 0x00000000d6d00000, 0x0000000100000000)
  eden space 15360K, 100% used [0x00000000d5580000,0x00000000d6480000,0x00000000d6480000)
  from space 3584K, 91% used [0x00000000d6980000,0x00000000d6cb7a60,0x00000000d6d00000)
  to   space 3584K, 0% used [0x00000000d6600000,0x00000000d6600000,0x00000000d6980000)
 ParOldGen       total 87040K, used 86713K [0x0000000080000000, 0x0000000085500000, 0x00000000d5580000)
  object space 87040K, 99% used [0x0000000080000000,0x00000000854ae610,0x0000000085500000)
 Metaspace       used 43937K, committed 45184K, reserved 1114112K
  class space    used 4592K, committed 5120K, reserved 1048576K
}
Event: 5.176 GC heap after
{Heap after GC invocations=37 (full 2):
 PSYoungGen      total 18944K, used 3381K [0x00000000d5580000, 0x00000000d6b80000, 0x0000000100000000)
  eden space 15360K, 0% used [0x00000000d5580000,0x00000000d5580000,0x00000000d6480000)
  from space 3584K, 94% used [0x00000000d6600000,0x00000000d694d6b8,0x00000000d6980000)
  to   space 2048K, 0% used [0x00000000d6980000,0x00000000d6980000,0x00000000d6b80000)
 ParOldGen       total 89600K, used 89593K [0x0000000080000000, 0x0000000085780000, 0x00000000d5580000)
  object space 89600K, 99% used [0x0000000080000000,0x000000008577e698,0x0000000085780000)
 Metaspace       used 43937K, committed 45184K, reserved 1114112K
  class space    used 4592K, committed 5120K, reserved 1048576K
}
Event: 5.221 GC heap before
{Heap before GC invocations=38 (full 2):
 PSYoungGen      total 18944K, used 18741K [0x00000000d5580000, 0x00000000d6b80000, 0x0000000100000000)
  eden space 15360K, 100% used [0x00000000d5580000,0x00000000d6480000,0x00000000d6480000)
  from space 3584K, 94% used [0x00000000d6600000,0x00000000d694d6b8,0x00000000d6980000)
  to   space 2048K, 0% used [0x00000000d6980000,0x00000000d6980000,0x00000000d6b80000)
 ParOldGen       total 89600K, used 89593K [0x0000000080000000, 0x0000000085780000, 0x00000000d5580000)
  object space 89600K, 99% used [0x0000000080000000,0x000000008577e698,0x0000000085780000)
 Metaspace       used 44102K, committed 45312K, reserved 1114112K
  class space    used 4613K, committed 5120K, reserved 1048576K
}
Event: 5.223 GC heap after
{Heap after GC invocations=38 (full 2):
 PSYoungGen      total 15360K, used 2030K [0x00000000d5580000, 0x00000000d7280000, 0x0000000100000000)
  eden space 13312K, 0% used [0x00000000d5580000,0x00000000d5580000,0x00000000d6280000)
  from space 2048K, 99% used [0x00000000d6980000,0x00000000d6b7bad0,0x00000000d6b80000)
  to   space 7168K, 0% used [0x00000000d6280000,0x00000000d6280000,0x00000000d6980000)
 ParOldGen       total 94208K, used 93762K [0x0000000080000000, 0x0000000085c00000, 0x00000000d5580000)
  object space 94208K, 99% used [0x0000000080000000,0x0000000085b908a0,0x0000000085c00000)
 Metaspace       used 44102K, committed 45312K, reserved 1114112K
  class space    used 4613K, committed 5120K, reserved 1048576K
}

