# JRE version: OpenJDK Runtime Environment Temurin-21.0.8+9 (21.0.8+9) (build 21.0.8+9-LTS)
# Java VM: OpenJDK 64-Bit Server VM Temurin-21.0.8+9 (21.0.8+9-LTS, mixed mode, sharing, tiered, compressed oops, compressed class ptrs, parallel gc, windows-amd64)
GC Precious Log:
 CardTable entry size: 512
 CPUs: 18 total, 18 available
 Memory: 16053M
 Large Page Support: Disabled
 NUMA Support: Disabled
 Compressed Oops: Enabled (32-bit)
 Alignments: Space 512K, Generation 512K, Heap 2M
 Heap Min Capacity: 100M
 Heap Initial Capacity: 100M
 Heap Max Capacity: 2G
 Pre-touch: Disabled
 Parallel Workers: 14
Heap:
 PSYoungGen      total 3584K, used 1171K [0x00000000d5580000, 0x00000000d5a80000, 0x0000000100000000)
  eden space 2560K, 13% used [0x00000000d5580000,0x00000000d55d7310,0x00000000d5800000)
  from space 1024K, 80% used [0x00000000d5800000,0x00000000d58cdab8,0x00000000d5900000)
  to   space 1024K, 0% used [0x00000000d5980000,0x00000000d5980000,0x00000000d5a80000)
 ParOldGen       total 168448K, used 168202K [0x0000000080000000, 0x000000008a480000, 0x00000000d5580000)
  object space 168448K, 99% used [0x0000000080000000,0x000000008a442ae8,0x000000008a480000)
 Metaspace       used 44169K, committed 45376K, reserved 1114112K
  class space    used 4692K, committed 5248K, reserved 1048576K
GC Heap History (20 events):
Event: 5.877 GC heap after
{Heap after GC invocations=110 (full 2):
 PSYoungGen      total 3584K, used 755K [0x00000000d5580000, 0x00000000d5a00000, 0x0000000100000000)
  eden space 2560K, 0% used [0x00000000d5580000,0x00000000d5580000,0x00000000d5800000)
  from space 1024K, 73% used [0x00000000d5900000,0x00000000d59bcf00,0x00000000d5a00000)
  to   space 1024K, 0% used [0x00000000d5800000,0x00000000d5800000,0x00000000d5900000)
 ParOldGen       total 161280K, used 161102K [0x0000000080000000, 0x0000000089d80000, 0x00000000d5580000)
  object space 161280K, 99% used [0x0000000080000000,0x0000000089d539b8,0x0000000089d80000)
 Metaspace       used 43952K, committed 45184K, reserved 1114112K
  class space    used 4664K, committed 5248K, reserved 1048576K
}
Event: 5.900 GC heap before
{Heap before GC invocations=111 (full 2):
 PSYoungGen      total 3584K, used 3315K [0x00000000d5580000, 0x00000000d5a00000, 0x0000000100000000)
  eden space 2560K, 100% used [0x00000000d5580000,0x00000000d5800000,0x00000000d5800000)
  from space 1024K, 73% used [0x00000000d5900000,0x00000000d59bcf00,0x00000000d5a00000)
  to   space 1024K, 0% used [0x00000000d5800000,0x00000000d5800000,0x00000000d5900000)
 ParOldGen       total 161280K, used 161102K [0x0000000080000000, 0x0000000089d80000, 0x00000000d5580000)
  object space 161280K, 99% used [0x0000000080000000,0x0000000089d539b8,0x0000000089d80000)
 Metaspace       used 43976K, committed 45184K, reserved 1114112K
  class space    used 4668K, committed 5248K, reserved 1048576K
}
Event: 5.901 GC heap after
{Heap after GC invocations=111 (full 2):
 PSYoungGen      total 3584K, used 786K [0x00000000d5580000, 0x00000000d5a00000, 0x0000000100000000)
  eden space 2560K, 0% used [0x00000000d5580000,0x00000000d5580000,0x00000000d5800000)
  from space 1024K, 76% used [0x00000000d5800000,0x00000000d58c49c8,0x00000000d5900000)
  to   space 1024K, 0% used [0x00000000d5900000,0x00000000d5900000,0x00000000d5a00000)
 ParOldGen       total 161792K, used 161722K [0x0000000080000000, 0x0000000089e00000, 0x00000000d5580000)
  object space 161792K, 99% used [0x0000000080000000,0x0000000089dee8d0,0x0000000089e00000)
 Metaspace       used 43976K, committed 45184K, reserved 1114112K
  class space    used 4668K, committed 5248K, reserved 1048576K
}
Event: 5.916 GC heap before
{Heap before GC invocations=112 (full 2):
 PSYoungGen      total 3584K, used 3346K [0x00000000d5580000, 0x00000000d5a00000, 0x0000000100000000)
  eden space 2560K, 100% used [0x00000000d5580000,0x00000000d5800000,0x00000000d5800000)
  from space 1024K, 76% used [0x00000000d5800000,0x00000000d58c49c8,0x00000000d5900000)
  to   space 1024K, 0% used [0x00000000d5900000,0x00000000d5900000,0x00000000d5a00000)
 ParOldGen       total 161792K, used 161722K [0x0000000080000000, 0x0000000089e00000, 0x00000000d5580000)
  object space 161792K, 99% used [0x0000000080000000,0x0000000089dee8d0,0x0000000089e00000)
 Metaspace       used 44002K, committed 45248K, reserved 1114112K
  class space    used 4672K, committed 5248K, reserved 1048576K
}
Event: 5.917 GC heap after
{Heap after GC invocations=112 (full 2):
 PSYoungGen      total 3584K, used 866K [0x00000000d5580000, 0x00000000d5a00000, 0x0000000100000000)
  eden space 2560K, 0% used [0x00000000d5580000,0x00000000d5580000,0x00000000d5800000)
  from space 1024K, 84% used [0x00000000d5900000,0x00000000d59d8b70,0x00000000d5a00000)
  to   space 1024K, 0% used [0x00000000d5800000,0x00000000d5800000,0x00000000d5900000)
 ParOldGen       total 162816K, used 162337K [0x0000000080000000, 0x0000000089f00000, 0x00000000d5580000)
  object space 162816K, 99% used [0x0000000080000000,0x0000000089e88558,0x0000000089f00000)
 Metaspace       used 44002K, committed 45248K, reserved 1114112K
  class space    used 4672K, committed 5248K, reserved 1048576K
}
Event: 5.923 GC heap before
{Heap before GC invocations=113 (full 2):
 PSYoungGen      total 3584K, used 3426K [0x00000000d5580000, 0x00000000d5a00000, 0x0000000100000000)
  eden space 2560K, 99% used [0x00000000d5580000,0x00000000d57ffff0,0x00000000d5800000)
  from space 1024K, 84% used [0x00000000d5900000,0x00000000d59d8b70,0x00000000d5a00000)
  to   space 1024K, 0% used [0x00000000d5800000,0x00000000d5800000,0x00000000d5900000)
 ParOldGen       total 162816K, used 162337K [0x0000000080000000, 0x0000000089f00000, 0x00000000d5580000)
  object space 162816K, 99% used [0x0000000080000000,0x0000000089e88558,0x0000000089f00000)
 Metaspace       used 44015K, committed 45248K, reserved 1114112K
  class space    used 4674K, committed 5248K, reserved 1048576K
}
Event: 5.924 GC heap after
{Heap after GC invocations=113 (full 2):
 PSYoungGen      total 3584K, used 832K [0x00000000d5580000, 0x00000000d5a00000, 0x0000000100000000)
  eden space 2560K, 0% used [0x00000000d5580000,0x00000000d5580000,0x00000000d5800000)
  from space 1024K, 81% used [0x00000000d5800000,0x00000000d58d0000,0x00000000d5900000)
  to   space 1024K, 0% used [0x00000000d5900000,0x00000000d5900000,0x00000000d5a00000)
 ParOldGen       total 163328K, used 162967K [0x0000000080000000, 0x0000000089f80000, 0x00000000d5580000)
  object space 163328K, 99% used [0x0000000080000000,0x0000000089f25e80,0x0000000089f80000)
 Metaspace       used 44015K, committed 45248K, reserved 1114112K
  class space    used 4674K, committed 5248K, reserved 1048576K
}
Event: 5.929 GC heap before
{Heap before GC invocations=114 (full 2):
 PSYoungGen      total 3584K, used 3392K [0x00000000d5580000, 0x00000000d5a00000, 0x0000000100000000)
  eden space 2560K, 100% used [0x00000000d5580000,0x00000000d5800000,0x00000000d5800000)
  from space 1024K, 81% used [0x00000000d5800000,0x00000000d58d0000,0x00000000d5900000)
  to   space 1024K, 0% used [0x00000000d5900000,0x00000000d5900000,0x00000000d5a00000)
 ParOldGen       total 163328K, used 162967K [0x0000000080000000, 0x0000000089f80000, 0x00000000d5580000)
  object space 163328K, 99% used [0x0000000080000000,0x0000000089f25e80,0x0000000089f80000)
 Metaspace       used 44028K, committed 45248K, reserved 1114112K
  class space    used 4675K, committed 5248K, reserved 1048576K
}
Event: 5.930 GC heap after
{Heap after GC invocations=114 (full 2):
 PSYoungGen      total 3584K, used 851K [0x00000000d5580000, 0x00000000d5a00000, 0x0000000100000000)
  eden space 2560K, 0% used [0x00000000d5580000,0x00000000d5580000,0x00000000d5800000)
  from space 1024K, 83% used [0x00000000d5900000,0x00000000d59d4f40,0x00000000d5a00000)
  to   space 1024K, 0% used [0x00000000d5800000,0x00000000d5800000,0x00000000d5900000)
 ParOldGen       total 163840K, used 163631K [0x0000000080000000, 0x000000008a000000, 0x00000000d5580000)
  object space 163840K, 99% used [0x0000000080000000,0x0000000089fcbf38,0x000000008a000000)
 Metaspace       used 44028K, committed 45248K, reserved 1114112K
  class space    used 4675K, committed 5248K, reserved 1048576K
}
Event: 5.937 GC heap before
{Heap before GC invocations=115 (full 2):
 PSYoungGen      total 3584K, used 3411K [0x00000000d5580000, 0x00000000d5a00000, 0x0000000100000000)
  eden space 2560K, 100% used [0x00000000d5580000,0x00000000d5800000,0x00000000d5800000)
  from space 1024K, 83% used [0x00000000d5900000,0x00000000d59d4f40,0x00000000d5a00000)
  to   space 1024K, 0% used [0x00000000d5800000,0x00000000d5800000,0x00000000d5900000)
 ParOldGen       total 163840K, used 163631K [0x0000000080000000, 0x000000008a000000, 0x00000000d5580000)
  object space 163840K, 99% used [0x0000000080000000,0x0000000089fcbf38,0x000000008a000000)
 Metaspace       used 44045K, committed 45248K, reserved 1114112K
  class space    used 4677K, committed 5248K, reserved 1048576K
}
Event: 5.938 GC heap after
{Heap after GC invocations=115 (full 2):
 PSYoungGen      total 3584K, used 847K [0x00000000d5580000, 0x00000000d5a00000, 0x0000000100000000)
  eden space 2560K, 0% used [0x00000000d5580000,0x00000000d5580000,0x00000000d5800000)
  from space 1024K, 82% used [0x00000000d5800000,0x00000000d58d3ed0,0x00000000d5900000)
  to   space 1024K, 0% used [0x00000000d5900000,0x00000000d5900000,0x00000000d5a00000)
 ParOldGen       total 164352K, used 164311K [0x0000000080000000, 0x000000008a080000, 0x00000000d5580000)
  object space 164352K, 99% used [0x0000000080000000,0x000000008a075f38,0x000000008a080000)
 Metaspace       used 44045K, committed 45248K, reserved 1114112K
  class space    used 4677K, committed 5248K, reserved 1048576K
}
Event: 5.946 GC heap before
{Heap before GC invocations=116 (full 2):
 PSYoungGen      total 3584K, used 3407K [0x00000000d5580000, 0x00000000d5a00000, 0x0000000100000000)
  eden space 2560K, 100% used [0x00000000d5580000,0x00000000d5800000,0x00000000d5800000)
  from space 1024K, 82% used [0x00000000d5800000,0x00000000d58d3ed0,0x00000000d5900000)
  to   space 1024K, 0% used [0x00000000d5900000,0x00000000d5900000,0x00000000d5a00000)
 ParOldGen       total 164352K, used 164311K [0x0000000080000000, 0x000000008a080000, 0x00000000d5580000)
  object space 164352K, 99% used [0x0000000080000000,0x000000008a075f38,0x000000008a080000)
 Metaspace       used 44073K, committed 45312K, reserved 1114112K
  class space    used 4680K, committed 5248K, reserved 1048576K
}
Event: 5.947 GC heap after
{Heap after GC invocations=116 (full 2):
 PSYoungGen      total 3584K, used 858K [0x00000000d5580000, 0x00000000d5a00000, 0x0000000100000000)
  eden space 2560K, 0% used [0x00000000d5580000,0x00000000d5580000,0x00000000d5800000)
  from space 1024K, 83% used [0x00000000d5900000,0x00000000d59d6b78,0x00000000d5a00000)
  to   space 1024K, 0% used [0x00000000d5800000,0x00000000d5800000,0x00000000d5900000)
 ParOldGen       total 165376K, used 164965K [0x0000000080000000, 0x000000008a180000, 0x00000000d5580000)
  object space 165376K, 99% used [0x0000000080000000,0x000000008a119510,0x000000008a180000)
 Metaspace       used 44073K, committed 45312K, reserved 1114112K
  class space    used 4680K, committed 5248K, reserved 1048576K
}
Event: 5.953 GC heap before
{Heap before GC invocations=117 (full 2):
 PSYoungGen      total 3584K, used 3418K [0x00000000d5580000, 0x00000000d5a00000, 0x0000000100000000)
  eden space 2560K, 100% used [0x00000000d5580000,0x00000000d5800000,0x00000000d5800000)
  from space 1024K, 83% used [0x00000000d5900000,0x00000000d59d6b78,0x00000000d5a00000)
  to   space 1024K, 0% used [0x00000000d5800000,0x00000000d5800000,0x00000000d5900000)
 ParOldGen       total 165376K, used 164965K [0x0000000080000000, 0x000000008a180000, 0x00000000d5580000)
  object space 165376K, 99% used [0x0000000080000000,0x000000008a119510,0x000000008a180000)
 Metaspace       used 44092K, committed 45312K, reserved 1114112K
  class space    used 4682K, committed 5248K, reserved 1048576K
}
Event: 5.954 GC heap after
{Heap after GC invocations=117 (full 2):
 PSYoungGen      total 3584K, used 899K [0x00000000d5580000, 0x00000000d5a00000, 0x0000000100000000)
  eden space 2560K, 0% used [0x00000000d5580000,0x00000000d5580000,0x00000000d5800000)
  from space 1024K, 87% used [0x00000000d5800000,0x00000000d58e0f78,0x00000000d5900000)
  to   space 1024K, 0% used [0x00000000d5900000,0x00000000d5900000,0x00000000d5a00000)
 ParOldGen       total 165888K, used 165624K [0x0000000080000000, 0x000000008a200000, 0x00000000d5580000)
  object space 165888K, 99% used [0x0000000080000000,0x000000008a1be388,0x000000008a200000)
 Metaspace       used 44092K, committed 45312K, reserved 1114112K
  class space    used 4682K, committed 5248K, reserved 1048576K
}
Event: 5.964 GC heap before
{Heap before GC invocations=118 (full 2):
 PSYoungGen      total 3584K, used 3459K [0x00000000d5580000, 0x00000000d5a00000, 0x0000000100000000)
  eden space 2560K, 100% used [0x00000000d5580000,0x00000000d5800000,0x00000000d5800000)
  from space 1024K, 87% used [0x00000000d5800000,0x00000000d58e0f78,0x00000000d5900000)
  to   space 1024K, 0% used [0x00000000d5900000,0x00000000d5900000,0x00000000d5a00000)
 ParOldGen       total 165888K, used 165624K [0x0000000080000000, 0x000000008a200000, 0x00000000d5580000)
  object space 165888K, 99% used [0x0000000080000000,0x000000008a1be388,0x000000008a200000)
 Metaspace       used 44115K, committed 45312K, reserved 1114112K
  class space    used 4687K, committed 5248K, reserved 1048576K
}
Event: 5.965 GC heap after
{Heap after GC invocations=118 (full 2):
 PSYoungGen      total 3584K, used 833K [0x00000000d5580000, 0x00000000d5a00000, 0x0000000100000000)
  eden space 2560K, 0% used [0x00000000d5580000,0x00000000d5580000,0x00000000d5800000)
  from space 1024K, 81% used [0x00000000d5900000,0x00000000d59d0788,0x00000000d5a00000)
  to   space 1024K, 0% used [0x00000000d5800000,0x00000000d5800000,0x00000000d5900000)
 ParOldGen       total 166400K, used 166259K [0x0000000080000000, 0x000000008a280000, 0x00000000d5580000)
  object space 166400K, 99% used [0x0000000080000000,0x000000008a25ce90,0x000000008a280000)
 Metaspace       used 44115K, committed 45312K, reserved 1114112K
  class space    used 4687K, committed 5248K, reserved 1048576K
}
Event: 5.973 GC heap before
{Heap before GC invocations=119 (full 2):
 PSYoungGen      total 3584K, used 3393K [0x00000000d5580000, 0x00000000d5a00000, 0x0000000100000000)
  eden space 2560K, 100% used [0x00000000d5580000,0x00000000d5800000,0x00000000d5800000)
  from space 1024K, 81% used [0x00000000d5900000,0x00000000d59d0788,0x00000000d5a00000)
  to   space 1024K, 0% used [0x00000000d5800000,0x00000000d5800000,0x00000000d5900000)
 ParOldGen       total 166400K, used 166259K [0x0000000080000000, 0x000000008a280000, 0x00000000d5580000)
  object space 166400K, 99% used [0x0000000080000000,0x000000008a25ce90,0x000000008a280000)
 Metaspace       used 44134K, committed 45376K, reserved 1114112K
  class space    used 4689K, committed 5248K, reserved 1048576K
}
Event: 5.974 GC heap after
{Heap after GC invocations=119 (full 2):
 PSYoungGen      total 3584K, used 865K [0x00000000d5580000, 0x00000000d5a00000, 0x0000000100000000)
  eden space 2560K, 0% used [0x00000000d5580000,0x00000000d5580000,0x00000000d5800000)
  from space 1024K, 84% used [0x00000000d5800000,0x00000000d58d8498,0x00000000d5900000)
  to   space 1024K, 0% used [0x00000000d5900000,0x00000000d5900000,0x00000000d5a00000)
 ParOldGen       total 166912K, used 166873K [0x0000000080000000, 0x000000008a300000, 0x00000000d5580000)
  object space 166912K, 99% used [0x0000000080000000,0x000000008a2f6580,0x000000008a300000)
 Metaspace       used 44134K, committed 45376K, reserved 1114112K
  class space    used 4689K, committed 5248K, reserved 1048576K
}
Event: 5.979 GC heap before
{Heap before GC invocations=120 (full 2):
 PSYoungGen      total 3584K, used 3425K [0x00000000d5580000, 0x00000000d5a00000, 0x0000000100000000)
  eden space 2560K, 100% used [0x00000000d5580000,0x00000000d5800000,0x00000000d5800000)
  from space 1024K, 84% used [0x00000000d5800000,0x00000000d58d8498,0x00000000d5900000)
  to   space 1024K, 0% used [0x00000000d5900000,0x00000000d5900000,0x00000000d5a00000)
 ParOldGen       total 166912K, used 166873K [0x0000000080000000, 0x000000008a300000, 0x00000000d5580000)
  object space 166912K, 99% used [0x0000000080000000,0x000000008a2f6580,0x000000008a300000)
 Metaspace       used 44148K, committed 45376K, reserved 1114112K
  class space    used 4690K, committed 5248K, reserved 1048576K
}

